510  [main] INFO  app.Application.Application
                – Starting Application using Java 15.0.1 on Skyrimwell-PC with PID 14056 (C:\Users\skyri\IdeaProjects\PR20\build\classes\java\main started by skyri in C:\Users\skyri\IdeaProjects\PR20)
512  [main] INFO  app.Application.Application
                – No active profile set, falling back to default profiles: default
953  [main] INFO  o.s.d.r.c.RepositoryConfigurationDelegate
                – Bootstrapping Spring Data JPA repositories in DEFAULT mode.
999  [main] INFO  o.s.d.r.c.RepositoryConfigurationDelegate
                – Finished Spring Data repository scanning in 38 ms. Found 2 JPA repository interfaces.
1549 [main] INFO  o.s.b.w.e.tomcat.TomcatWebServer
                – Tomcat initialized with port(s): 8080 (http)
1556 [main] INFO  o.a.coyote.http11.Http11NioProtocol
                – Initializing ProtocolHandler ["http-nio-8080"]
1557 [main] INFO  o.a.catalina.core.StandardService
                – Starting service [Tomcat]
1557 [main] INFO  o.a.catalina.core.StandardEngine
                – Starting Servlet engine: [Apache Tomcat/9.0.44]
1661 [main] INFO  o.a.c.c.C.[Tomcat].[localhost].[/]
                – Initializing Spring embedded WebApplicationContext
1661 [main] INFO  o.s.b.w.s.c.ServletWebServerApplicationContext
                – Root WebApplicationContext: initialization completed in 1117 ms
1853 [main] INFO  o.h.jpa.internal.util.LogHelper
                – HHH000204: Processing PersistenceUnitInfo [name: default]
1908 [main] INFO  org.hibernate.Version
                – HHH000412: Hibernate ORM core version 5.4.29.Final
2028 [main] INFO  o.h.annotations.common.Version
                – HCANN000001: Hibernate Commons Annotations {5.1.2.Final}
2105 [main] INFO  com.zaxxer.hikari.HikariDataSource
                – HikariPool-1 - Starting...
2257 [main] INFO  com.zaxxer.hikari.HikariDataSource
                – HikariPool-1 - Start completed.
2272 [main] INFO  org.hibernate.dialect.Dialect
                – HHH000400: Using dialect: org.hibernate.dialect.PostgreSQL95Dialect
2842 [main] INFO  o.h.e.t.j.p.i.JtaPlatformInitiator
                – HHH000490: Using JtaPlatform implementation: [org.hibernate.engine.transaction.jta.platform.internal.NoJtaPlatform]
2851 [main] INFO  o.s.o.j.LocalContainerEntityManagerFactoryBean
                – Initialized JPA EntityManagerFactory for persistence unit 'default'
3218 [main] WARN  o.s.b.a.o.j.JpaBaseConfiguration$JpaWebConfiguration
                – spring.jpa.open-in-view is enabled by default. Therefore, database queries may be performed during view rendering. Explicitly configure spring.jpa.open-in-view to disable this warning
3315 [main] INFO  o.s.s.c.ThreadPoolTaskExecutor
                – Initializing ExecutorService 'applicationTaskExecutor'
3444 [main] INFO  o.a.coyote.http11.Http11NioProtocol
                – Starting ProtocolHandler ["http-nio-8080"]
3461 [main] INFO  o.s.b.w.e.tomcat.TomcatWebServer
                – Tomcat started on port(s): 8080 (http) with context path ''
3468 [main] INFO  app.Application.Application
                – Started Application in 3.246 seconds (JVM running for 3.94)
591  [main] INFO  app.Application.Application
                – Starting Application using Java 15.0.1 on Skyrimwell-PC with PID 9072 (C:\Users\skyri\IdeaProjects\PR21\build\classes\java\main started by skyri in C:\Users\skyri\IdeaProjects\PR21)
593  [main] INFO  app.Application.Application
                – No active profile set, falling back to default profiles: default
1051 [main] INFO  o.s.d.r.c.RepositoryConfigurationDelegate
                – Bootstrapping Spring Data JPA repositories in DEFAULT mode.
1096 [main] INFO  o.s.d.r.c.RepositoryConfigurationDelegate
                – Finished Spring Data repository scanning in 39 ms. Found 2 JPA repository interfaces.
1776 [main] INFO  o.s.b.w.e.tomcat.TomcatWebServer
                – Tomcat initialized with port(s): 8080 (http)
1784 [main] INFO  o.a.coyote.http11.Http11NioProtocol
                – Initializing ProtocolHandler ["http-nio-8080"]
1785 [main] INFO  o.a.catalina.core.StandardService
                – Starting service [Tomcat]
1785 [main] INFO  o.a.catalina.core.StandardEngine
                – Starting Servlet engine: [Apache Tomcat/9.0.44]
1898 [main] INFO  o.a.c.c.C.[Tomcat].[localhost].[/]
                – Initializing Spring embedded WebApplicationContext
1898 [main] INFO  o.s.b.w.s.c.ServletWebServerApplicationContext
                – Root WebApplicationContext: initialization completed in 1267 ms
2053 [main] INFO  o.h.jpa.internal.util.LogHelper
                – HHH000204: Processing PersistenceUnitInfo [name: default]
2096 [main] INFO  org.hibernate.Version
                – HHH000412: Hibernate ORM core version 5.4.29.Final
2199 [main] INFO  o.h.annotations.common.Version
                – HCANN000001: Hibernate Commons Annotations {5.1.2.Final}
2277 [main] INFO  com.zaxxer.hikari.HikariDataSource
                – HikariPool-1 - Starting...
2425 [main] INFO  com.zaxxer.hikari.HikariDataSource
                – HikariPool-1 - Start completed.
2440 [main] INFO  org.hibernate.dialect.Dialect
                – HHH000400: Using dialect: org.hibernate.dialect.PostgreSQL95Dialect
2965 [main] INFO  o.h.e.t.j.p.i.JtaPlatformInitiator
                – HHH000490: Using JtaPlatform implementation: [org.hibernate.engine.transaction.jta.platform.internal.NoJtaPlatform]
2973 [main] INFO  o.s.o.j.LocalContainerEntityManagerFactoryBean
                – Initialized JPA EntityManagerFactory for persistence unit 'default'
3342 [main] WARN  o.s.b.a.o.j.JpaBaseConfiguration$JpaWebConfiguration
                – spring.jpa.open-in-view is enabled by default. Therefore, database queries may be performed during view rendering. Explicitly configure spring.jpa.open-in-view to disable this warning
3423 [main] INFO  o.s.s.c.ThreadPoolTaskExecutor
                – Initializing ExecutorService 'applicationTaskExecutor'
3553 [main] INFO  o.a.coyote.http11.Http11NioProtocol
                – Starting ProtocolHandler ["http-nio-8080"]
3577 [main] INFO  o.s.b.w.e.tomcat.TomcatWebServer
                – Tomcat started on port(s): 8080 (http) with context path ''
3585 [main] INFO  app.Application.Application
                – Started Application in 3.312 seconds (JVM running for 3.985)
1988 [main] INFO  app.Application.Application
                – Starting Application using Java 15.0.2 on LAPTOP-IHDB0OUN with PID 1068 (C:\Users\User\IdeaProjects\PR21\build\classes\java\main started by User in C:\Users\User\IdeaProjects\PR21)
1991 [main] INFO  app.Application.Application
                – No active profile set, falling back to default profiles: default
3768 [main] INFO  o.s.d.r.c.RepositoryConfigurationDelegate
                – Bootstrapping Spring Data JPA repositories in DEFAULT mode.
3901 [main] INFO  o.s.d.r.c.RepositoryConfigurationDelegate
                – Finished Spring Data repository scanning in 113 ms. Found 2 JPA repository interfaces.
5116 [main] INFO  o.s.b.w.e.tomcat.TomcatWebServer
                – Tomcat initialized with port(s): 8080 (http)
5131 [main] INFO  o.a.coyote.http11.Http11NioProtocol
                – Initializing ProtocolHandler ["http-nio-8080"]
5132 [main] INFO  o.a.catalina.core.StandardService
                – Starting service [Tomcat]
5133 [main] INFO  o.a.catalina.core.StandardEngine
                – Starting Servlet engine: [Apache Tomcat/9.0.44]
5283 [main] INFO  o.a.c.c.C.[Tomcat].[localhost].[/]
                – Initializing Spring embedded WebApplicationContext
5284 [main] INFO  o.s.b.w.s.c.ServletWebServerApplicationContext
                – Root WebApplicationContext: initialization completed in 3241 ms
5559 [main] INFO  o.h.jpa.internal.util.LogHelper
                – HHH000204: Processing PersistenceUnitInfo [name: default]
5633 [main] INFO  org.hibernate.Version
                – HHH000412: Hibernate ORM core version 5.4.29.Final
5869 [main] INFO  o.h.annotations.common.Version
                – HCANN000001: Hibernate Commons Annotations {5.1.2.Final}
6002 [main] INFO  com.zaxxer.hikari.HikariDataSource
                – HikariPool-1 - Starting...
6230 [main] INFO  com.zaxxer.hikari.HikariDataSource
                – HikariPool-1 - Start completed.
6248 [main] INFO  org.hibernate.dialect.Dialect
                – HHH000400: Using dialect: org.hibernate.dialect.PostgreSQL95Dialect
6614 [main] ERROR o.s.o.j.LocalContainerEntityManagerFactoryBean
                – Failed to initialize JPA EntityManagerFactory: Unsupported property type [java.lang.String] for @CreationTimestamp or @UpdateTimestamp generator annotation
6615 [main] WARN  o.s.b.w.s.c.AnnotationConfigServletWebServerApplicationContext
                – Exception encountered during context initialization - cancelling refresh attempt: org.springframework.beans.factory.BeanCreationException: Error creating bean with name 'entityManagerFactory' defined in class path resource [org/springframework/boot/autoconfigure/orm/jpa/HibernateJpaConfiguration.class]: Invocation of init method failed; nested exception is org.hibernate.HibernateException: Unsupported property type [java.lang.String] for @CreationTimestamp or @UpdateTimestamp generator annotation
6616 [main] INFO  com.zaxxer.hikari.HikariDataSource
                – HikariPool-1 - Shutdown initiated...
6639 [main] INFO  com.zaxxer.hikari.HikariDataSource
                – HikariPool-1 - Shutdown completed.
6655 [main] INFO  o.a.catalina.core.StandardService
                – Stopping service [Tomcat]
6670 [main] INFO  o.s.b.a.l.ConditionEvaluationReportLoggingListener
                – 

Error starting ApplicationContext. To display the conditions report re-run your application with 'debug' enabled.
6686 [main] ERROR o.s.boot.SpringApplication
                – Application run failed
org.springframework.beans.factory.BeanCreationException: Error creating bean with name 'entityManagerFactory' defined in class path resource [org/springframework/boot/autoconfigure/orm/jpa/HibernateJpaConfiguration.class]: Invocation of init method failed; nested exception is org.hibernate.HibernateException: Unsupported property type [java.lang.String] for @CreationTimestamp or @UpdateTimestamp generator annotation
	at org.springframework.beans.factory.support.AbstractAutowireCapableBeanFactory.initializeBean(AbstractAutowireCapableBeanFactory.java:1786)
	at org.springframework.beans.factory.support.AbstractAutowireCapableBeanFactory.doCreateBean(AbstractAutowireCapableBeanFactory.java:602)
	at org.springframework.beans.factory.support.AbstractAutowireCapableBeanFactory.createBean(AbstractAutowireCapableBeanFactory.java:524)
	at org.springframework.beans.factory.support.AbstractBeanFactory.lambda$doGetBean$0(AbstractBeanFactory.java:335)
	at org.springframework.beans.factory.support.DefaultSingletonBeanRegistry.getSingleton(DefaultSingletonBeanRegistry.java:234)
	at org.springframework.beans.factory.support.AbstractBeanFactory.doGetBean(AbstractBeanFactory.java:333)
	at org.springframework.beans.factory.support.AbstractBeanFactory.getBean(AbstractBeanFactory.java:208)
	at org.springframework.context.support.AbstractApplicationContext.getBean(AbstractApplicationContext.java:1154)
	at org.springframework.context.support.AbstractApplicationContext.finishBeanFactoryInitialization(AbstractApplicationContext.java:908)
	at org.springframework.context.support.AbstractApplicationContext.refresh(AbstractApplicationContext.java:583)
	at org.springframework.boot.web.servlet.context.ServletWebServerApplicationContext.refresh(ServletWebServerApplicationContext.java:144)
	at org.springframework.boot.SpringApplication.refresh(SpringApplication.java:769)
	at org.springframework.boot.SpringApplication.refresh(SpringApplication.java:761)
	at org.springframework.boot.SpringApplication.refreshContext(SpringApplication.java:426)
	at org.springframework.boot.SpringApplication.run(SpringApplication.java:326)
	at org.springframework.boot.SpringApplication.run(SpringApplication.java:1313)
	at org.springframework.boot.SpringApplication.run(SpringApplication.java:1302)
	at app.Application.Application.main(Application.java:10)
Caused by: org.hibernate.HibernateException: Unsupported property type [java.lang.String] for @CreationTimestamp or @UpdateTimestamp generator annotation
	at org.hibernate.tuple.TimestampGenerators.get(TimestampGenerators.java:116)
	at org.hibernate.tuple.CreationTimestampGeneration.initialize(CreationTimestampGeneration.java:22)
	at org.hibernate.tuple.CreationTimestampGeneration.initialize(CreationTimestampGeneration.java:16)
	at org.hibernate.cfg.annotations.PropertyBinder.instantiateAndInitializeValueGeneration(PropertyBinder.java:427)
	at org.hibernate.cfg.annotations.PropertyBinder.getValueGenerationFromAnnotation(PropertyBinder.java:395)
	at org.hibernate.cfg.annotations.PropertyBinder.getValueGenerationFromAnnotations(PropertyBinder.java:360)
	at org.hibernate.cfg.annotations.PropertyBinder.determineValueGenerationStrategy(PropertyBinder.java:335)
	at org.hibernate.cfg.annotations.PropertyBinder.makeProperty(PropertyBinder.java:276)
	at org.hibernate.cfg.annotations.PropertyBinder.makePropertyAndValue(PropertyBinder.java:195)
	at org.hibernate.cfg.annotations.PropertyBinder.makePropertyValueAndBind(PropertyBinder.java:205)
	at org.hibernate.cfg.AnnotationBinder.processElementAnnotations(AnnotationBinder.java:2300)
	at org.hibernate.cfg.AnnotationBinder.processIdPropertiesIfNotAlready(AnnotationBinder.java:979)
	at org.hibernate.cfg.AnnotationBinder.bindClass(AnnotationBinder.java:806)
	at org.hibernate.boot.model.source.internal.annotations.AnnotationMetadataSourceProcessorImpl.processEntityHierarchies(AnnotationMetadataSourceProcessorImpl.java:248)
	at org.hibernate.boot.model.process.spi.MetadataBuildingProcess$1.processEntityHierarchies(MetadataBuildingProcess.java:239)
	at org.hibernate.boot.model.process.spi.MetadataBuildingProcess.complete(MetadataBuildingProcess.java:282)
	at org.hibernate.jpa.boot.internal.EntityManagerFactoryBuilderImpl.metadata(EntityManagerFactoryBuilderImpl.java:1224)
	at org.hibernate.jpa.boot.internal.EntityManagerFactoryBuilderImpl.build(EntityManagerFactoryBuilderImpl.java:1255)
	at org.springframework.orm.jpa.vendor.SpringHibernateJpaPersistenceProvider.createContainerEntityManagerFactory(SpringHibernateJpaPersistenceProvider.java:58)
	at org.springframework.orm.jpa.LocalContainerEntityManagerFactoryBean.createNativeEntityManagerFactory(LocalContainerEntityManagerFactoryBean.java:365)
	at org.springframework.orm.jpa.AbstractEntityManagerFactoryBean.buildNativeEntityManagerFactory(AbstractEntityManagerFactoryBean.java:409)
	at org.springframework.orm.jpa.AbstractEntityManagerFactoryBean.afterPropertiesSet(AbstractEntityManagerFactoryBean.java:396)
	at org.springframework.orm.jpa.LocalContainerEntityManagerFactoryBean.afterPropertiesSet(LocalContainerEntityManagerFactoryBean.java:341)
	at org.springframework.beans.factory.support.AbstractAutowireCapableBeanFactory.invokeInitMethods(AbstractAutowireCapableBeanFactory.java:1845)
	at org.springframework.beans.factory.support.AbstractAutowireCapableBeanFactory.initializeBean(AbstractAutowireCapableBeanFactory.java:1782)
	... 17 common frames omitted
859  [main] INFO  app.Application.Application
                – Starting Application using Java 15.0.2 on LAPTOP-IHDB0OUN with PID 1516 (C:\Users\User\IdeaProjects\PR21\build\classes\java\main started by User in C:\Users\User\IdeaProjects\PR21)
859  [main] INFO  app.Application.Application
                – No active profile set, falling back to default profiles: default
1451 [main] INFO  o.s.d.r.c.RepositoryConfigurationDelegate
                – Bootstrapping Spring Data JPA repositories in DEFAULT mode.
1526 [main] INFO  o.s.d.r.c.RepositoryConfigurationDelegate
                – Finished Spring Data repository scanning in 63 ms. Found 2 JPA repository interfaces.
2306 [main] INFO  o.s.b.w.e.tomcat.TomcatWebServer
                – Tomcat initialized with port(s): 8080 (http)
2318 [main] INFO  o.a.coyote.http11.Http11NioProtocol
                – Initializing ProtocolHandler ["http-nio-8080"]
2319 [main] INFO  o.a.catalina.core.StandardService
                – Starting service [Tomcat]
2319 [main] INFO  o.a.catalina.core.StandardEngine
                – Starting Servlet engine: [Apache Tomcat/9.0.44]
2453 [main] INFO  o.a.c.c.C.[Tomcat].[localhost].[/]
                – Initializing Spring embedded WebApplicationContext
2453 [main] INFO  o.s.b.w.s.c.ServletWebServerApplicationContext
                – Root WebApplicationContext: initialization completed in 1546 ms
2679 [main] INFO  o.h.jpa.internal.util.LogHelper
                – HHH000204: Processing PersistenceUnitInfo [name: default]
2737 [main] INFO  org.hibernate.Version
                – HHH000412: Hibernate ORM core version 5.4.29.Final
2866 [main] INFO  o.h.annotations.common.Version
                – HCANN000001: Hibernate Commons Annotations {5.1.2.Final}
2989 [main] INFO  com.zaxxer.hikari.HikariDataSource
                – HikariPool-1 - Starting...
3188 [main] INFO  com.zaxxer.hikari.HikariDataSource
                – HikariPool-1 - Start completed.
3209 [main] INFO  org.hibernate.dialect.Dialect
                – HHH000400: Using dialect: org.hibernate.dialect.PostgreSQL95Dialect
3388 [main] ERROR o.s.o.j.LocalContainerEntityManagerFactoryBean
                – Failed to initialize JPA EntityManagerFactory: Unsupported property type [java.lang.String] for @CreationTimestamp or @UpdateTimestamp generator annotation
3389 [main] WARN  o.s.b.w.s.c.AnnotationConfigServletWebServerApplicationContext
                – Exception encountered during context initialization - cancelling refresh attempt: org.springframework.beans.factory.BeanCreationException: Error creating bean with name 'entityManagerFactory' defined in class path resource [org/springframework/boot/autoconfigure/orm/jpa/HibernateJpaConfiguration.class]: Invocation of init method failed; nested exception is org.hibernate.HibernateException: Unsupported property type [java.lang.String] for @CreationTimestamp or @UpdateTimestamp generator annotation
3390 [main] INFO  com.zaxxer.hikari.HikariDataSource
                – HikariPool-1 - Shutdown initiated...
3479 [main] INFO  com.zaxxer.hikari.HikariDataSource
                – HikariPool-1 - Shutdown completed.
3483 [main] INFO  o.a.catalina.core.StandardService
                – Stopping service [Tomcat]
3498 [main] INFO  o.s.b.a.l.ConditionEvaluationReportLoggingListener
                – 

Error starting ApplicationContext. To display the conditions report re-run your application with 'debug' enabled.
3523 [main] ERROR o.s.boot.SpringApplication
                – Application run failed
org.springframework.beans.factory.BeanCreationException: Error creating bean with name 'entityManagerFactory' defined in class path resource [org/springframework/boot/autoconfigure/orm/jpa/HibernateJpaConfiguration.class]: Invocation of init method failed; nested exception is org.hibernate.HibernateException: Unsupported property type [java.lang.String] for @CreationTimestamp or @UpdateTimestamp generator annotation
	at org.springframework.beans.factory.support.AbstractAutowireCapableBeanFactory.initializeBean(AbstractAutowireCapableBeanFactory.java:1786)
	at org.springframework.beans.factory.support.AbstractAutowireCapableBeanFactory.doCreateBean(AbstractAutowireCapableBeanFactory.java:602)
	at org.springframework.beans.factory.support.AbstractAutowireCapableBeanFactory.createBean(AbstractAutowireCapableBeanFactory.java:524)
	at org.springframework.beans.factory.support.AbstractBeanFactory.lambda$doGetBean$0(AbstractBeanFactory.java:335)
	at org.springframework.beans.factory.support.DefaultSingletonBeanRegistry.getSingleton(DefaultSingletonBeanRegistry.java:234)
	at org.springframework.beans.factory.support.AbstractBeanFactory.doGetBean(AbstractBeanFactory.java:333)
	at org.springframework.beans.factory.support.AbstractBeanFactory.getBean(AbstractBeanFactory.java:208)
	at org.springframework.context.support.AbstractApplicationContext.getBean(AbstractApplicationContext.java:1154)
	at org.springframework.context.support.AbstractApplicationContext.finishBeanFactoryInitialization(AbstractApplicationContext.java:908)
	at org.springframework.context.support.AbstractApplicationContext.refresh(AbstractApplicationContext.java:583)
	at org.springframework.boot.web.servlet.context.ServletWebServerApplicationContext.refresh(ServletWebServerApplicationContext.java:144)
	at org.springframework.boot.SpringApplication.refresh(SpringApplication.java:769)
	at org.springframework.boot.SpringApplication.refresh(SpringApplication.java:761)
	at org.springframework.boot.SpringApplication.refreshContext(SpringApplication.java:426)
	at org.springframework.boot.SpringApplication.run(SpringApplication.java:326)
	at org.springframework.boot.SpringApplication.run(SpringApplication.java:1313)
	at org.springframework.boot.SpringApplication.run(SpringApplication.java:1302)
	at app.Application.Application.main(Application.java:10)
Caused by: org.hibernate.HibernateException: Unsupported property type [java.lang.String] for @CreationTimestamp or @UpdateTimestamp generator annotation
	at org.hibernate.tuple.TimestampGenerators.get(TimestampGenerators.java:116)
	at org.hibernate.tuple.CreationTimestampGeneration.initialize(CreationTimestampGeneration.java:22)
	at org.hibernate.tuple.CreationTimestampGeneration.initialize(CreationTimestampGeneration.java:16)
	at org.hibernate.cfg.annotations.PropertyBinder.instantiateAndInitializeValueGeneration(PropertyBinder.java:427)
	at org.hibernate.cfg.annotations.PropertyBinder.getValueGenerationFromAnnotation(PropertyBinder.java:395)
	at org.hibernate.cfg.annotations.PropertyBinder.getValueGenerationFromAnnotations(PropertyBinder.java:360)
	at org.hibernate.cfg.annotations.PropertyBinder.determineValueGenerationStrategy(PropertyBinder.java:335)
	at org.hibernate.cfg.annotations.PropertyBinder.makeProperty(PropertyBinder.java:276)
	at org.hibernate.cfg.annotations.PropertyBinder.makePropertyAndValue(PropertyBinder.java:195)
	at org.hibernate.cfg.annotations.PropertyBinder.makePropertyValueAndBind(PropertyBinder.java:205)
	at org.hibernate.cfg.AnnotationBinder.processElementAnnotations(AnnotationBinder.java:2300)
	at org.hibernate.cfg.AnnotationBinder.processIdPropertiesIfNotAlready(AnnotationBinder.java:979)
	at org.hibernate.cfg.AnnotationBinder.bindClass(AnnotationBinder.java:806)
	at org.hibernate.boot.model.source.internal.annotations.AnnotationMetadataSourceProcessorImpl.processEntityHierarchies(AnnotationMetadataSourceProcessorImpl.java:248)
	at org.hibernate.boot.model.process.spi.MetadataBuildingProcess$1.processEntityHierarchies(MetadataBuildingProcess.java:239)
	at org.hibernate.boot.model.process.spi.MetadataBuildingProcess.complete(MetadataBuildingProcess.java:282)
	at org.hibernate.jpa.boot.internal.EntityManagerFactoryBuilderImpl.metadata(EntityManagerFactoryBuilderImpl.java:1224)
	at org.hibernate.jpa.boot.internal.EntityManagerFactoryBuilderImpl.build(EntityManagerFactoryBuilderImpl.java:1255)
	at org.springframework.orm.jpa.vendor.SpringHibernateJpaPersistenceProvider.createContainerEntityManagerFactory(SpringHibernateJpaPersistenceProvider.java:58)
	at org.springframework.orm.jpa.LocalContainerEntityManagerFactoryBean.createNativeEntityManagerFactory(LocalContainerEntityManagerFactoryBean.java:365)
	at org.springframework.orm.jpa.AbstractEntityManagerFactoryBean.buildNativeEntityManagerFactory(AbstractEntityManagerFactoryBean.java:409)
	at org.springframework.orm.jpa.AbstractEntityManagerFactoryBean.afterPropertiesSet(AbstractEntityManagerFactoryBean.java:396)
	at org.springframework.orm.jpa.LocalContainerEntityManagerFactoryBean.afterPropertiesSet(LocalContainerEntityManagerFactoryBean.java:341)
	at org.springframework.beans.factory.support.AbstractAutowireCapableBeanFactory.invokeInitMethods(AbstractAutowireCapableBeanFactory.java:1845)
	at org.springframework.beans.factory.support.AbstractAutowireCapableBeanFactory.initializeBean(AbstractAutowireCapableBeanFactory.java:1782)
	... 17 common frames omitted
864  [main] INFO  app.Application.Application
                – Starting Application using Java 15.0.2 on LAPTOP-IHDB0OUN with PID 5364 (C:\Users\User\IdeaProjects\PR21\build\classes\java\main started by User in C:\Users\User\IdeaProjects\PR21)
864  [main] INFO  app.Application.Application
                – No active profile set, falling back to default profiles: default
1524 [main] INFO  o.s.d.r.c.RepositoryConfigurationDelegate
                – Bootstrapping Spring Data JPA repositories in DEFAULT mode.
1606 [main] INFO  o.s.d.r.c.RepositoryConfigurationDelegate
                – Finished Spring Data repository scanning in 62 ms. Found 2 JPA repository interfaces.
2486 [main] INFO  o.s.b.w.e.tomcat.TomcatWebServer
                – Tomcat initialized with port(s): 8080 (http)
2498 [main] INFO  o.a.coyote.http11.Http11NioProtocol
                – Initializing ProtocolHandler ["http-nio-8080"]
2499 [main] INFO  o.a.catalina.core.StandardService
                – Starting service [Tomcat]
2499 [main] INFO  o.a.catalina.core.StandardEngine
                – Starting Servlet engine: [Apache Tomcat/9.0.44]
2635 [main] INFO  o.a.c.c.C.[Tomcat].[localhost].[/]
                – Initializing Spring embedded WebApplicationContext
2635 [main] INFO  o.s.b.w.s.c.ServletWebServerApplicationContext
                – Root WebApplicationContext: initialization completed in 1730 ms
2839 [main] INFO  o.h.jpa.internal.util.LogHelper
                – HHH000204: Processing PersistenceUnitInfo [name: default]
2908 [main] INFO  org.hibernate.Version
                – HHH000412: Hibernate ORM core version 5.4.29.Final
3039 [main] INFO  o.h.annotations.common.Version
                – HCANN000001: Hibernate Commons Annotations {5.1.2.Final}
3214 [main] INFO  com.zaxxer.hikari.HikariDataSource
                – HikariPool-1 - Starting...
3438 [main] INFO  com.zaxxer.hikari.HikariDataSource
                – HikariPool-1 - Start completed.
3463 [main] INFO  org.hibernate.dialect.Dialect
                – HHH000400: Using dialect: org.hibernate.dialect.PostgreSQL95Dialect
3696 [main] ERROR o.s.o.j.LocalContainerEntityManagerFactoryBean
                – Failed to initialize JPA EntityManagerFactory: Unsupported property type [java.lang.String] for @CreationTimestamp or @UpdateTimestamp generator annotation
3698 [main] WARN  o.s.b.w.s.c.AnnotationConfigServletWebServerApplicationContext
                – Exception encountered during context initialization - cancelling refresh attempt: org.springframework.beans.factory.BeanCreationException: Error creating bean with name 'entityManagerFactory' defined in class path resource [org/springframework/boot/autoconfigure/orm/jpa/HibernateJpaConfiguration.class]: Invocation of init method failed; nested exception is org.hibernate.HibernateException: Unsupported property type [java.lang.String] for @CreationTimestamp or @UpdateTimestamp generator annotation
3699 [main] INFO  com.zaxxer.hikari.HikariDataSource
                – HikariPool-1 - Shutdown initiated...
3765 [main] INFO  com.zaxxer.hikari.HikariDataSource
                – HikariPool-1 - Shutdown completed.
3769 [main] INFO  o.a.catalina.core.StandardService
                – Stopping service [Tomcat]
3786 [main] INFO  o.s.b.a.l.ConditionEvaluationReportLoggingListener
                – 

Error starting ApplicationContext. To display the conditions report re-run your application with 'debug' enabled.
3808 [main] ERROR o.s.boot.SpringApplication
                – Application run failed
org.springframework.beans.factory.BeanCreationException: Error creating bean with name 'entityManagerFactory' defined in class path resource [org/springframework/boot/autoconfigure/orm/jpa/HibernateJpaConfiguration.class]: Invocation of init method failed; nested exception is org.hibernate.HibernateException: Unsupported property type [java.lang.String] for @CreationTimestamp or @UpdateTimestamp generator annotation
	at org.springframework.beans.factory.support.AbstractAutowireCapableBeanFactory.initializeBean(AbstractAutowireCapableBeanFactory.java:1786)
	at org.springframework.beans.factory.support.AbstractAutowireCapableBeanFactory.doCreateBean(AbstractAutowireCapableBeanFactory.java:602)
	at org.springframework.beans.factory.support.AbstractAutowireCapableBeanFactory.createBean(AbstractAutowireCapableBeanFactory.java:524)
	at org.springframework.beans.factory.support.AbstractBeanFactory.lambda$doGetBean$0(AbstractBeanFactory.java:335)
	at org.springframework.beans.factory.support.DefaultSingletonBeanRegistry.getSingleton(DefaultSingletonBeanRegistry.java:234)
	at org.springframework.beans.factory.support.AbstractBeanFactory.doGetBean(AbstractBeanFactory.java:333)
	at org.springframework.beans.factory.support.AbstractBeanFactory.getBean(AbstractBeanFactory.java:208)
	at org.springframework.context.support.AbstractApplicationContext.getBean(AbstractApplicationContext.java:1154)
	at org.springframework.context.support.AbstractApplicationContext.finishBeanFactoryInitialization(AbstractApplicationContext.java:908)
	at org.springframework.context.support.AbstractApplicationContext.refresh(AbstractApplicationContext.java:583)
	at org.springframework.boot.web.servlet.context.ServletWebServerApplicationContext.refresh(ServletWebServerApplicationContext.java:144)
	at org.springframework.boot.SpringApplication.refresh(SpringApplication.java:769)
	at org.springframework.boot.SpringApplication.refresh(SpringApplication.java:761)
	at org.springframework.boot.SpringApplication.refreshContext(SpringApplication.java:426)
	at org.springframework.boot.SpringApplication.run(SpringApplication.java:326)
	at org.springframework.boot.SpringApplication.run(SpringApplication.java:1313)
	at org.springframework.boot.SpringApplication.run(SpringApplication.java:1302)
	at app.Application.Application.main(Application.java:10)
Caused by: org.hibernate.HibernateException: Unsupported property type [java.lang.String] for @CreationTimestamp or @UpdateTimestamp generator annotation
	at org.hibernate.tuple.TimestampGenerators.get(TimestampGenerators.java:116)
	at org.hibernate.tuple.CreationTimestampGeneration.initialize(CreationTimestampGeneration.java:22)
	at org.hibernate.tuple.CreationTimestampGeneration.initialize(CreationTimestampGeneration.java:16)
	at org.hibernate.cfg.annotations.PropertyBinder.instantiateAndInitializeValueGeneration(PropertyBinder.java:427)
	at org.hibernate.cfg.annotations.PropertyBinder.getValueGenerationFromAnnotation(PropertyBinder.java:395)
	at org.hibernate.cfg.annotations.PropertyBinder.getValueGenerationFromAnnotations(PropertyBinder.java:360)
	at org.hibernate.cfg.annotations.PropertyBinder.determineValueGenerationStrategy(PropertyBinder.java:335)
	at org.hibernate.cfg.annotations.PropertyBinder.makeProperty(PropertyBinder.java:276)
	at org.hibernate.cfg.annotations.PropertyBinder.makePropertyAndValue(PropertyBinder.java:195)
	at org.hibernate.cfg.annotations.PropertyBinder.makePropertyValueAndBind(PropertyBinder.java:205)
	at org.hibernate.cfg.AnnotationBinder.processElementAnnotations(AnnotationBinder.java:2300)
	at org.hibernate.cfg.AnnotationBinder.processIdPropertiesIfNotAlready(AnnotationBinder.java:979)
	at org.hibernate.cfg.AnnotationBinder.bindClass(AnnotationBinder.java:806)
	at org.hibernate.boot.model.source.internal.annotations.AnnotationMetadataSourceProcessorImpl.processEntityHierarchies(AnnotationMetadataSourceProcessorImpl.java:248)
	at org.hibernate.boot.model.process.spi.MetadataBuildingProcess$1.processEntityHierarchies(MetadataBuildingProcess.java:239)
	at org.hibernate.boot.model.process.spi.MetadataBuildingProcess.complete(MetadataBuildingProcess.java:282)
	at org.hibernate.jpa.boot.internal.EntityManagerFactoryBuilderImpl.metadata(EntityManagerFactoryBuilderImpl.java:1224)
	at org.hibernate.jpa.boot.internal.EntityManagerFactoryBuilderImpl.build(EntityManagerFactoryBuilderImpl.java:1255)
	at org.springframework.orm.jpa.vendor.SpringHibernateJpaPersistenceProvider.createContainerEntityManagerFactory(SpringHibernateJpaPersistenceProvider.java:58)
	at org.springframework.orm.jpa.LocalContainerEntityManagerFactoryBean.createNativeEntityManagerFactory(LocalContainerEntityManagerFactoryBean.java:365)
	at org.springframework.orm.jpa.AbstractEntityManagerFactoryBean.buildNativeEntityManagerFactory(AbstractEntityManagerFactoryBean.java:409)
	at org.springframework.orm.jpa.AbstractEntityManagerFactoryBean.afterPropertiesSet(AbstractEntityManagerFactoryBean.java:396)
	at org.springframework.orm.jpa.LocalContainerEntityManagerFactoryBean.afterPropertiesSet(LocalContainerEntityManagerFactoryBean.java:341)
	at org.springframework.beans.factory.support.AbstractAutowireCapableBeanFactory.invokeInitMethods(AbstractAutowireCapableBeanFactory.java:1845)
	at org.springframework.beans.factory.support.AbstractAutowireCapableBeanFactory.initializeBean(AbstractAutowireCapableBeanFactory.java:1782)
	... 17 common frames omitted
969  [main] INFO  app.Application.Application
                – Starting Application using Java 15.0.2 on LAPTOP-IHDB0OUN with PID 9344 (C:\Users\User\IdeaProjects\PR21\build\classes\java\main started by User in C:\Users\User\IdeaProjects\PR21)
972  [main] INFO  app.Application.Application
                – No active profile set, falling back to default profiles: default
1620 [main] INFO  o.s.d.r.c.RepositoryConfigurationDelegate
                – Bootstrapping Spring Data JPA repositories in DEFAULT mode.
1684 [main] INFO  o.s.d.r.c.RepositoryConfigurationDelegate
                – Finished Spring Data repository scanning in 67 ms. Found 2 JPA repository interfaces.
2601 [main] INFO  o.s.b.w.e.tomcat.TomcatWebServer
                – Tomcat initialized with port(s): 8080 (http)
2611 [main] INFO  o.a.coyote.http11.Http11NioProtocol
                – Initializing ProtocolHandler ["http-nio-8080"]
2612 [main] INFO  o.a.catalina.core.StandardService
                – Starting service [Tomcat]
2612 [main] INFO  o.a.catalina.core.StandardEngine
                – Starting Servlet engine: [Apache Tomcat/9.0.44]
2743 [main] INFO  o.a.c.c.C.[Tomcat].[localhost].[/]
                – Initializing Spring embedded WebApplicationContext
2743 [main] INFO  o.s.b.w.s.c.ServletWebServerApplicationContext
                – Root WebApplicationContext: initialization completed in 1711 ms
2997 [main] INFO  o.h.jpa.internal.util.LogHelper
                – HHH000204: Processing PersistenceUnitInfo [name: default]
3073 [main] INFO  org.hibernate.Version
                – HHH000412: Hibernate ORM core version 5.4.29.Final
3224 [main] INFO  o.h.annotations.common.Version
                – HCANN000001: Hibernate Commons Annotations {5.1.2.Final}
3373 [main] INFO  com.zaxxer.hikari.HikariDataSource
                – HikariPool-1 - Starting...
3592 [main] INFO  com.zaxxer.hikari.HikariDataSource
                – HikariPool-1 - Start completed.
3616 [main] INFO  org.hibernate.dialect.Dialect
                – HHH000400: Using dialect: org.hibernate.dialect.PostgreSQL95Dialect
3850 [main] ERROR o.s.o.j.LocalContainerEntityManagerFactoryBean
                – Failed to initialize JPA EntityManagerFactory: Unsupported property type [java.lang.String] for @CreationTimestamp or @UpdateTimestamp generator annotation
3851 [main] WARN  o.s.b.w.s.c.AnnotationConfigServletWebServerApplicationContext
                – Exception encountered during context initialization - cancelling refresh attempt: org.springframework.beans.factory.BeanCreationException: Error creating bean with name 'entityManagerFactory' defined in class path resource [org/springframework/boot/autoconfigure/orm/jpa/HibernateJpaConfiguration.class]: Invocation of init method failed; nested exception is org.hibernate.HibernateException: Unsupported property type [java.lang.String] for @CreationTimestamp or @UpdateTimestamp generator annotation
3852 [main] INFO  com.zaxxer.hikari.HikariDataSource
                – HikariPool-1 - Shutdown initiated...
3926 [main] INFO  com.zaxxer.hikari.HikariDataSource
                – HikariPool-1 - Shutdown completed.
3929 [main] INFO  o.a.catalina.core.StandardService
                – Stopping service [Tomcat]
3945 [main] INFO  o.s.b.a.l.ConditionEvaluationReportLoggingListener
                – 

Error starting ApplicationContext. To display the conditions report re-run your application with 'debug' enabled.
3976 [main] ERROR o.s.boot.SpringApplication
                – Application run failed
org.springframework.beans.factory.BeanCreationException: Error creating bean with name 'entityManagerFactory' defined in class path resource [org/springframework/boot/autoconfigure/orm/jpa/HibernateJpaConfiguration.class]: Invocation of init method failed; nested exception is org.hibernate.HibernateException: Unsupported property type [java.lang.String] for @CreationTimestamp or @UpdateTimestamp generator annotation
	at org.springframework.beans.factory.support.AbstractAutowireCapableBeanFactory.initializeBean(AbstractAutowireCapableBeanFactory.java:1786)
	at org.springframework.beans.factory.support.AbstractAutowireCapableBeanFactory.doCreateBean(AbstractAutowireCapableBeanFactory.java:602)
	at org.springframework.beans.factory.support.AbstractAutowireCapableBeanFactory.createBean(AbstractAutowireCapableBeanFactory.java:524)
	at org.springframework.beans.factory.support.AbstractBeanFactory.lambda$doGetBean$0(AbstractBeanFactory.java:335)
	at org.springframework.beans.factory.support.DefaultSingletonBeanRegistry.getSingleton(DefaultSingletonBeanRegistry.java:234)
	at org.springframework.beans.factory.support.AbstractBeanFactory.doGetBean(AbstractBeanFactory.java:333)
	at org.springframework.beans.factory.support.AbstractBeanFactory.getBean(AbstractBeanFactory.java:208)
	at org.springframework.context.support.AbstractApplicationContext.getBean(AbstractApplicationContext.java:1154)
	at org.springframework.context.support.AbstractApplicationContext.finishBeanFactoryInitialization(AbstractApplicationContext.java:908)
	at org.springframework.context.support.AbstractApplicationContext.refresh(AbstractApplicationContext.java:583)
	at org.springframework.boot.web.servlet.context.ServletWebServerApplicationContext.refresh(ServletWebServerApplicationContext.java:144)
	at org.springframework.boot.SpringApplication.refresh(SpringApplication.java:769)
	at org.springframework.boot.SpringApplication.refresh(SpringApplication.java:761)
	at org.springframework.boot.SpringApplication.refreshContext(SpringApplication.java:426)
	at org.springframework.boot.SpringApplication.run(SpringApplication.java:326)
	at org.springframework.boot.SpringApplication.run(SpringApplication.java:1313)
	at org.springframework.boot.SpringApplication.run(SpringApplication.java:1302)
	at app.Application.Application.main(Application.java:10)
Caused by: org.hibernate.HibernateException: Unsupported property type [java.lang.String] for @CreationTimestamp or @UpdateTimestamp generator annotation
	at org.hibernate.tuple.TimestampGenerators.get(TimestampGenerators.java:116)
	at org.hibernate.tuple.CreationTimestampGeneration.initialize(CreationTimestampGeneration.java:22)
	at org.hibernate.tuple.CreationTimestampGeneration.initialize(CreationTimestampGeneration.java:16)
	at org.hibernate.cfg.annotations.PropertyBinder.instantiateAndInitializeValueGeneration(PropertyBinder.java:427)
	at org.hibernate.cfg.annotations.PropertyBinder.getValueGenerationFromAnnotation(PropertyBinder.java:395)
	at org.hibernate.cfg.annotations.PropertyBinder.getValueGenerationFromAnnotations(PropertyBinder.java:360)
	at org.hibernate.cfg.annotations.PropertyBinder.determineValueGenerationStrategy(PropertyBinder.java:335)
	at org.hibernate.cfg.annotations.PropertyBinder.makeProperty(PropertyBinder.java:276)
	at org.hibernate.cfg.annotations.PropertyBinder.makePropertyAndValue(PropertyBinder.java:195)
	at org.hibernate.cfg.annotations.PropertyBinder.makePropertyValueAndBind(PropertyBinder.java:205)
	at org.hibernate.cfg.AnnotationBinder.processElementAnnotations(AnnotationBinder.java:2300)
	at org.hibernate.cfg.AnnotationBinder.processIdPropertiesIfNotAlready(AnnotationBinder.java:979)
	at org.hibernate.cfg.AnnotationBinder.bindClass(AnnotationBinder.java:806)
	at org.hibernate.boot.model.source.internal.annotations.AnnotationMetadataSourceProcessorImpl.processEntityHierarchies(AnnotationMetadataSourceProcessorImpl.java:248)
	at org.hibernate.boot.model.process.spi.MetadataBuildingProcess$1.processEntityHierarchies(MetadataBuildingProcess.java:239)
	at org.hibernate.boot.model.process.spi.MetadataBuildingProcess.complete(MetadataBuildingProcess.java:282)
	at org.hibernate.jpa.boot.internal.EntityManagerFactoryBuilderImpl.metadata(EntityManagerFactoryBuilderImpl.java:1224)
	at org.hibernate.jpa.boot.internal.EntityManagerFactoryBuilderImpl.build(EntityManagerFactoryBuilderImpl.java:1255)
	at org.springframework.orm.jpa.vendor.SpringHibernateJpaPersistenceProvider.createContainerEntityManagerFactory(SpringHibernateJpaPersistenceProvider.java:58)
	at org.springframework.orm.jpa.LocalContainerEntityManagerFactoryBean.createNativeEntityManagerFactory(LocalContainerEntityManagerFactoryBean.java:365)
	at org.springframework.orm.jpa.AbstractEntityManagerFactoryBean.buildNativeEntityManagerFactory(AbstractEntityManagerFactoryBean.java:409)
	at org.springframework.orm.jpa.AbstractEntityManagerFactoryBean.afterPropertiesSet(AbstractEntityManagerFactoryBean.java:396)
	at org.springframework.orm.jpa.LocalContainerEntityManagerFactoryBean.afterPropertiesSet(LocalContainerEntityManagerFactoryBean.java:341)
	at org.springframework.beans.factory.support.AbstractAutowireCapableBeanFactory.invokeInitMethods(AbstractAutowireCapableBeanFactory.java:1845)
	at org.springframework.beans.factory.support.AbstractAutowireCapableBeanFactory.initializeBean(AbstractAutowireCapableBeanFactory.java:1782)
	... 17 common frames omitted
806  [main] INFO  app.Application.Application
                – Starting Application using Java 15.0.2 on LAPTOP-IHDB0OUN with PID 8868 (C:\Users\User\IdeaProjects\PR21\build\classes\java\main started by User in C:\Users\User\IdeaProjects\PR21)
814  [main] INFO  app.Application.Application
                – No active profile set, falling back to default profiles: default
1412 [main] INFO  o.s.d.r.c.RepositoryConfigurationDelegate
                – Bootstrapping Spring Data JPA repositories in DEFAULT mode.
1482 [main] INFO  o.s.d.r.c.RepositoryConfigurationDelegate
                – Finished Spring Data repository scanning in 60 ms. Found 2 JPA repository interfaces.
2282 [main] INFO  o.s.b.w.e.tomcat.TomcatWebServer
                – Tomcat initialized with port(s): 8080 (http)
2292 [main] INFO  o.a.coyote.http11.Http11NioProtocol
                – Initializing ProtocolHandler ["http-nio-8080"]
2293 [main] INFO  o.a.catalina.core.StandardService
                – Starting service [Tomcat]
2293 [main] INFO  o.a.catalina.core.StandardEngine
                – Starting Servlet engine: [Apache Tomcat/9.0.44]
2413 [main] INFO  o.a.c.c.C.[Tomcat].[localhost].[/]
                – Initializing Spring embedded WebApplicationContext
2413 [main] INFO  o.s.b.w.s.c.ServletWebServerApplicationContext
                – Root WebApplicationContext: initialization completed in 1543 ms
2627 [main] INFO  o.h.jpa.internal.util.LogHelper
                – HHH000204: Processing PersistenceUnitInfo [name: default]
2676 [main] INFO  org.hibernate.Version
                – HHH000412: Hibernate ORM core version 5.4.29.Final
2789 [main] INFO  o.h.annotations.common.Version
                – HCANN000001: Hibernate Commons Annotations {5.1.2.Final}
2890 [main] INFO  com.zaxxer.hikari.HikariDataSource
                – HikariPool-1 - Starting...
3100 [main] INFO  com.zaxxer.hikari.HikariDataSource
                – HikariPool-1 - Start completed.
3123 [main] INFO  org.hibernate.dialect.Dialect
                – HHH000400: Using dialect: org.hibernate.dialect.PostgreSQL95Dialect
3318 [main] ERROR o.s.o.j.LocalContainerEntityManagerFactoryBean
                – Failed to initialize JPA EntityManagerFactory: Unsupported property type [java.lang.String] for @CreationTimestamp or @UpdateTimestamp generator annotation
3319 [main] WARN  o.s.b.w.s.c.AnnotationConfigServletWebServerApplicationContext
                – Exception encountered during context initialization - cancelling refresh attempt: org.springframework.beans.factory.BeanCreationException: Error creating bean with name 'entityManagerFactory' defined in class path resource [org/springframework/boot/autoconfigure/orm/jpa/HibernateJpaConfiguration.class]: Invocation of init method failed; nested exception is org.hibernate.HibernateException: Unsupported property type [java.lang.String] for @CreationTimestamp or @UpdateTimestamp generator annotation
3320 [main] INFO  com.zaxxer.hikari.HikariDataSource
                – HikariPool-1 - Shutdown initiated...
3367 [main] INFO  com.zaxxer.hikari.HikariDataSource
                – HikariPool-1 - Shutdown completed.
3372 [main] INFO  o.a.catalina.core.StandardService
                – Stopping service [Tomcat]
3385 [main] INFO  o.s.b.a.l.ConditionEvaluationReportLoggingListener
                – 

Error starting ApplicationContext. To display the conditions report re-run your application with 'debug' enabled.
3411 [main] ERROR o.s.boot.SpringApplication
                – Application run failed
org.springframework.beans.factory.BeanCreationException: Error creating bean with name 'entityManagerFactory' defined in class path resource [org/springframework/boot/autoconfigure/orm/jpa/HibernateJpaConfiguration.class]: Invocation of init method failed; nested exception is org.hibernate.HibernateException: Unsupported property type [java.lang.String] for @CreationTimestamp or @UpdateTimestamp generator annotation
	at org.springframework.beans.factory.support.AbstractAutowireCapableBeanFactory.initializeBean(AbstractAutowireCapableBeanFactory.java:1786)
	at org.springframework.beans.factory.support.AbstractAutowireCapableBeanFactory.doCreateBean(AbstractAutowireCapableBeanFactory.java:602)
	at org.springframework.beans.factory.support.AbstractAutowireCapableBeanFactory.createBean(AbstractAutowireCapableBeanFactory.java:524)
	at org.springframework.beans.factory.support.AbstractBeanFactory.lambda$doGetBean$0(AbstractBeanFactory.java:335)
	at org.springframework.beans.factory.support.DefaultSingletonBeanRegistry.getSingleton(DefaultSingletonBeanRegistry.java:234)
	at org.springframework.beans.factory.support.AbstractBeanFactory.doGetBean(AbstractBeanFactory.java:333)
	at org.springframework.beans.factory.support.AbstractBeanFactory.getBean(AbstractBeanFactory.java:208)
	at org.springframework.context.support.AbstractApplicationContext.getBean(AbstractApplicationContext.java:1154)
	at org.springframework.context.support.AbstractApplicationContext.finishBeanFactoryInitialization(AbstractApplicationContext.java:908)
	at org.springframework.context.support.AbstractApplicationContext.refresh(AbstractApplicationContext.java:583)
	at org.springframework.boot.web.servlet.context.ServletWebServerApplicationContext.refresh(ServletWebServerApplicationContext.java:144)
	at org.springframework.boot.SpringApplication.refresh(SpringApplication.java:769)
	at org.springframework.boot.SpringApplication.refresh(SpringApplication.java:761)
	at org.springframework.boot.SpringApplication.refreshContext(SpringApplication.java:426)
	at org.springframework.boot.SpringApplication.run(SpringApplication.java:326)
	at org.springframework.boot.SpringApplication.run(SpringApplication.java:1313)
	at org.springframework.boot.SpringApplication.run(SpringApplication.java:1302)
	at app.Application.Application.main(Application.java:10)
Caused by: org.hibernate.HibernateException: Unsupported property type [java.lang.String] for @CreationTimestamp or @UpdateTimestamp generator annotation
	at org.hibernate.tuple.TimestampGenerators.get(TimestampGenerators.java:116)
	at org.hibernate.tuple.CreationTimestampGeneration.initialize(CreationTimestampGeneration.java:22)
	at org.hibernate.tuple.CreationTimestampGeneration.initialize(CreationTimestampGeneration.java:16)
	at org.hibernate.cfg.annotations.PropertyBinder.instantiateAndInitializeValueGeneration(PropertyBinder.java:427)
	at org.hibernate.cfg.annotations.PropertyBinder.getValueGenerationFromAnnotation(PropertyBinder.java:395)
	at org.hibernate.cfg.annotations.PropertyBinder.getValueGenerationFromAnnotations(PropertyBinder.java:360)
	at org.hibernate.cfg.annotations.PropertyBinder.determineValueGenerationStrategy(PropertyBinder.java:335)
	at org.hibernate.cfg.annotations.PropertyBinder.makeProperty(PropertyBinder.java:276)
	at org.hibernate.cfg.annotations.PropertyBinder.makePropertyAndValue(PropertyBinder.java:195)
	at org.hibernate.cfg.annotations.PropertyBinder.makePropertyValueAndBind(PropertyBinder.java:205)
	at org.hibernate.cfg.AnnotationBinder.processElementAnnotations(AnnotationBinder.java:2300)
	at org.hibernate.cfg.AnnotationBinder.processIdPropertiesIfNotAlready(AnnotationBinder.java:979)
	at org.hibernate.cfg.AnnotationBinder.bindClass(AnnotationBinder.java:806)
	at org.hibernate.boot.model.source.internal.annotations.AnnotationMetadataSourceProcessorImpl.processEntityHierarchies(AnnotationMetadataSourceProcessorImpl.java:248)
	at org.hibernate.boot.model.process.spi.MetadataBuildingProcess$1.processEntityHierarchies(MetadataBuildingProcess.java:239)
	at org.hibernate.boot.model.process.spi.MetadataBuildingProcess.complete(MetadataBuildingProcess.java:282)
	at org.hibernate.jpa.boot.internal.EntityManagerFactoryBuilderImpl.metadata(EntityManagerFactoryBuilderImpl.java:1224)
	at org.hibernate.jpa.boot.internal.EntityManagerFactoryBuilderImpl.build(EntityManagerFactoryBuilderImpl.java:1255)
	at org.springframework.orm.jpa.vendor.SpringHibernateJpaPersistenceProvider.createContainerEntityManagerFactory(SpringHibernateJpaPersistenceProvider.java:58)
	at org.springframework.orm.jpa.LocalContainerEntityManagerFactoryBean.createNativeEntityManagerFactory(LocalContainerEntityManagerFactoryBean.java:365)
	at org.springframework.orm.jpa.AbstractEntityManagerFactoryBean.buildNativeEntityManagerFactory(AbstractEntityManagerFactoryBean.java:409)
	at org.springframework.orm.jpa.AbstractEntityManagerFactoryBean.afterPropertiesSet(AbstractEntityManagerFactoryBean.java:396)
	at org.springframework.orm.jpa.LocalContainerEntityManagerFactoryBean.afterPropertiesSet(LocalContainerEntityManagerFactoryBean.java:341)
	at org.springframework.beans.factory.support.AbstractAutowireCapableBeanFactory.invokeInitMethods(AbstractAutowireCapableBeanFactory.java:1845)
	at org.springframework.beans.factory.support.AbstractAutowireCapableBeanFactory.initializeBean(AbstractAutowireCapableBeanFactory.java:1782)
	... 17 common frames omitted
816  [main] INFO  app.Application.Application
                – Starting Application using Java 15.0.2 on LAPTOP-IHDB0OUN with PID 15564 (C:\Users\User\IdeaProjects\PR21\build\classes\java\main started by User in C:\Users\User\IdeaProjects\PR21)
816  [main] INFO  app.Application.Application
                – No active profile set, falling back to default profiles: default
1407 [main] INFO  o.s.d.r.c.RepositoryConfigurationDelegate
                – Bootstrapping Spring Data JPA repositories in DEFAULT mode.
1484 [main] INFO  o.s.d.r.c.RepositoryConfigurationDelegate
                – Finished Spring Data repository scanning in 68 ms. Found 2 JPA repository interfaces.
2271 [main] INFO  o.s.b.w.e.tomcat.TomcatWebServer
                – Tomcat initialized with port(s): 8080 (http)
2271 [main] INFO  o.a.coyote.http11.Http11NioProtocol
                – Initializing ProtocolHandler ["http-nio-8080"]
2271 [main] INFO  o.a.catalina.core.StandardService
                – Starting service [Tomcat]
2271 [main] INFO  o.a.catalina.core.StandardEngine
                – Starting Servlet engine: [Apache Tomcat/9.0.44]
2402 [main] INFO  o.a.c.c.C.[Tomcat].[localhost].[/]
                – Initializing Spring embedded WebApplicationContext
2402 [main] INFO  o.s.b.w.s.c.ServletWebServerApplicationContext
                – Root WebApplicationContext: initialization completed in 1539 ms
2616 [main] INFO  o.h.jpa.internal.util.LogHelper
                – HHH000204: Processing PersistenceUnitInfo [name: default]
2666 [main] INFO  org.hibernate.Version
                – HHH000412: Hibernate ORM core version 5.4.29.Final
2790 [main] INFO  o.h.annotations.common.Version
                – HCANN000001: Hibernate Commons Annotations {5.1.2.Final}
2879 [main] INFO  com.zaxxer.hikari.HikariDataSource
                – HikariPool-1 - Starting...
3066 [main] INFO  com.zaxxer.hikari.HikariDataSource
                – HikariPool-1 - Start completed.
3081 [main] INFO  org.hibernate.dialect.Dialect
                – HHH000400: Using dialect: org.hibernate.dialect.PostgreSQL95Dialect
3304 [main] ERROR o.s.o.j.LocalContainerEntityManagerFactoryBean
                – Failed to initialize JPA EntityManagerFactory: Unsupported property type [java.lang.String] for @CreationTimestamp or @UpdateTimestamp generator annotation
3306 [main] WARN  o.s.b.w.s.c.AnnotationConfigServletWebServerApplicationContext
                – Exception encountered during context initialization - cancelling refresh attempt: org.springframework.beans.factory.BeanCreationException: Error creating bean with name 'entityManagerFactory' defined in class path resource [org/springframework/boot/autoconfigure/orm/jpa/HibernateJpaConfiguration.class]: Invocation of init method failed; nested exception is org.hibernate.HibernateException: Unsupported property type [java.lang.String] for @CreationTimestamp or @UpdateTimestamp generator annotation
3307 [main] INFO  com.zaxxer.hikari.HikariDataSource
                – HikariPool-1 - Shutdown initiated...
3338 [main] INFO  com.zaxxer.hikari.HikariDataSource
                – HikariPool-1 - Shutdown completed.
3342 [main] INFO  o.a.catalina.core.StandardService
                – Stopping service [Tomcat]
3358 [main] INFO  o.s.b.a.l.ConditionEvaluationReportLoggingListener
                – 

Error starting ApplicationContext. To display the conditions report re-run your application with 'debug' enabled.
3381 [main] ERROR o.s.boot.SpringApplication
                – Application run failed
org.springframework.beans.factory.BeanCreationException: Error creating bean with name 'entityManagerFactory' defined in class path resource [org/springframework/boot/autoconfigure/orm/jpa/HibernateJpaConfiguration.class]: Invocation of init method failed; nested exception is org.hibernate.HibernateException: Unsupported property type [java.lang.String] for @CreationTimestamp or @UpdateTimestamp generator annotation
	at org.springframework.beans.factory.support.AbstractAutowireCapableBeanFactory.initializeBean(AbstractAutowireCapableBeanFactory.java:1786)
	at org.springframework.beans.factory.support.AbstractAutowireCapableBeanFactory.doCreateBean(AbstractAutowireCapableBeanFactory.java:602)
	at org.springframework.beans.factory.support.AbstractAutowireCapableBeanFactory.createBean(AbstractAutowireCapableBeanFactory.java:524)
	at org.springframework.beans.factory.support.AbstractBeanFactory.lambda$doGetBean$0(AbstractBeanFactory.java:335)
	at org.springframework.beans.factory.support.DefaultSingletonBeanRegistry.getSingleton(DefaultSingletonBeanRegistry.java:234)
	at org.springframework.beans.factory.support.AbstractBeanFactory.doGetBean(AbstractBeanFactory.java:333)
	at org.springframework.beans.factory.support.AbstractBeanFactory.getBean(AbstractBeanFactory.java:208)
	at org.springframework.context.support.AbstractApplicationContext.getBean(AbstractApplicationContext.java:1154)
	at org.springframework.context.support.AbstractApplicationContext.finishBeanFactoryInitialization(AbstractApplicationContext.java:908)
	at org.springframework.context.support.AbstractApplicationContext.refresh(AbstractApplicationContext.java:583)
	at org.springframework.boot.web.servlet.context.ServletWebServerApplicationContext.refresh(ServletWebServerApplicationContext.java:144)
	at org.springframework.boot.SpringApplication.refresh(SpringApplication.java:769)
	at org.springframework.boot.SpringApplication.refresh(SpringApplication.java:761)
	at org.springframework.boot.SpringApplication.refreshContext(SpringApplication.java:426)
	at org.springframework.boot.SpringApplication.run(SpringApplication.java:326)
	at org.springframework.boot.SpringApplication.run(SpringApplication.java:1313)
	at org.springframework.boot.SpringApplication.run(SpringApplication.java:1302)
	at app.Application.Application.main(Application.java:10)
Caused by: org.hibernate.HibernateException: Unsupported property type [java.lang.String] for @CreationTimestamp or @UpdateTimestamp generator annotation
	at org.hibernate.tuple.TimestampGenerators.get(TimestampGenerators.java:116)
	at org.hibernate.tuple.CreationTimestampGeneration.initialize(CreationTimestampGeneration.java:22)
	at org.hibernate.tuple.CreationTimestampGeneration.initialize(CreationTimestampGeneration.java:16)
	at org.hibernate.cfg.annotations.PropertyBinder.instantiateAndInitializeValueGeneration(PropertyBinder.java:427)
	at org.hibernate.cfg.annotations.PropertyBinder.getValueGenerationFromAnnotation(PropertyBinder.java:395)
	at org.hibernate.cfg.annotations.PropertyBinder.getValueGenerationFromAnnotations(PropertyBinder.java:360)
	at org.hibernate.cfg.annotations.PropertyBinder.determineValueGenerationStrategy(PropertyBinder.java:335)
	at org.hibernate.cfg.annotations.PropertyBinder.makeProperty(PropertyBinder.java:276)
	at org.hibernate.cfg.annotations.PropertyBinder.makePropertyAndValue(PropertyBinder.java:195)
	at org.hibernate.cfg.annotations.PropertyBinder.makePropertyValueAndBind(PropertyBinder.java:205)
	at org.hibernate.cfg.AnnotationBinder.processElementAnnotations(AnnotationBinder.java:2300)
	at org.hibernate.cfg.AnnotationBinder.processIdPropertiesIfNotAlready(AnnotationBinder.java:979)
	at org.hibernate.cfg.AnnotationBinder.bindClass(AnnotationBinder.java:806)
	at org.hibernate.boot.model.source.internal.annotations.AnnotationMetadataSourceProcessorImpl.processEntityHierarchies(AnnotationMetadataSourceProcessorImpl.java:248)
	at org.hibernate.boot.model.process.spi.MetadataBuildingProcess$1.processEntityHierarchies(MetadataBuildingProcess.java:239)
	at org.hibernate.boot.model.process.spi.MetadataBuildingProcess.complete(MetadataBuildingProcess.java:282)
	at org.hibernate.jpa.boot.internal.EntityManagerFactoryBuilderImpl.metadata(EntityManagerFactoryBuilderImpl.java:1224)
	at org.hibernate.jpa.boot.internal.EntityManagerFactoryBuilderImpl.build(EntityManagerFactoryBuilderImpl.java:1255)
	at org.springframework.orm.jpa.vendor.SpringHibernateJpaPersistenceProvider.createContainerEntityManagerFactory(SpringHibernateJpaPersistenceProvider.java:58)
	at org.springframework.orm.jpa.LocalContainerEntityManagerFactoryBean.createNativeEntityManagerFactory(LocalContainerEntityManagerFactoryBean.java:365)
	at org.springframework.orm.jpa.AbstractEntityManagerFactoryBean.buildNativeEntityManagerFactory(AbstractEntityManagerFactoryBean.java:409)
	at org.springframework.orm.jpa.AbstractEntityManagerFactoryBean.afterPropertiesSet(AbstractEntityManagerFactoryBean.java:396)
	at org.springframework.orm.jpa.LocalContainerEntityManagerFactoryBean.afterPropertiesSet(LocalContainerEntityManagerFactoryBean.java:341)
	at org.springframework.beans.factory.support.AbstractAutowireCapableBeanFactory.invokeInitMethods(AbstractAutowireCapableBeanFactory.java:1845)
	at org.springframework.beans.factory.support.AbstractAutowireCapableBeanFactory.initializeBean(AbstractAutowireCapableBeanFactory.java:1782)
	... 17 common frames omitted
740  [main] INFO  app.Application.Application
                – Starting Application using Java 15.0.2 on LAPTOP-IHDB0OUN with PID 12084 (C:\Users\User\IdeaProjects\PR21\build\classes\java\main started by User in C:\Users\User\IdeaProjects\PR21)
744  [main] INFO  app.Application.Application
                – No active profile set, falling back to default profiles: default
1320 [main] INFO  o.s.d.r.c.RepositoryConfigurationDelegate
                – Bootstrapping Spring Data JPA repositories in DEFAULT mode.
1391 [main] INFO  o.s.d.r.c.RepositoryConfigurationDelegate
                – Finished Spring Data repository scanning in 54 ms. Found 2 JPA repository interfaces.
2213 [main] INFO  o.s.b.w.e.tomcat.TomcatWebServer
                – Tomcat initialized with port(s): 8080 (http)
2228 [main] INFO  o.a.coyote.http11.Http11NioProtocol
                – Initializing ProtocolHandler ["http-nio-8080"]
2228 [main] INFO  o.a.catalina.core.StandardService
                – Starting service [Tomcat]
2228 [main] INFO  o.a.catalina.core.StandardEngine
                – Starting Servlet engine: [Apache Tomcat/9.0.44]
2344 [main] INFO  o.a.c.c.C.[Tomcat].[localhost].[/]
                – Initializing Spring embedded WebApplicationContext
2344 [main] INFO  o.s.b.w.s.c.ServletWebServerApplicationContext
                – Root WebApplicationContext: initialization completed in 1547 ms
2560 [main] INFO  o.h.jpa.internal.util.LogHelper
                – HHH000204: Processing PersistenceUnitInfo [name: default]
2625 [main] INFO  org.hibernate.Version
                – HHH000412: Hibernate ORM core version 5.4.29.Final
2753 [main] INFO  o.h.annotations.common.Version
                – HCANN000001: Hibernate Commons Annotations {5.1.2.Final}
2857 [main] INFO  com.zaxxer.hikari.HikariDataSource
                – HikariPool-1 - Starting...
3043 [main] INFO  com.zaxxer.hikari.HikariDataSource
                – HikariPool-1 - Start completed.
3052 [main] INFO  org.hibernate.dialect.Dialect
                – HHH000400: Using dialect: org.hibernate.dialect.PostgreSQL95Dialect
3881 [main] WARN  o.h.e.jdbc.spi.SqlExceptionHelper
                – SQL Warning Code: 0, SQLState: 00000
3881 [main] WARN  o.h.e.jdbc.spi.SqlExceptionHelper
                – отношение "address" не существует, пропускается
3884 [main] WARN  o.h.e.jdbc.spi.SqlExceptionHelper
                – SQL Warning Code: 0, SQLState: 00000
3884 [main] WARN  o.h.e.jdbc.spi.SqlExceptionHelper
                – таблица "address" не существует, пропускается
4021 [main] INFO  o.h.e.t.j.p.i.JtaPlatformInitiator
                – HHH000490: Using JtaPlatform implementation: [org.hibernate.engine.transaction.jta.platform.internal.NoJtaPlatform]
4033 [main] INFO  o.s.o.j.LocalContainerEntityManagerFactoryBean
                – Initialized JPA EntityManagerFactory for persistence unit 'default'
4629 [main] WARN  o.s.b.a.o.j.JpaBaseConfiguration$JpaWebConfiguration
                – spring.jpa.open-in-view is enabled by default. Therefore, database queries may be performed during view rendering. Explicitly configure spring.jpa.open-in-view to disable this warning
4765 [main] INFO  o.s.s.c.ThreadPoolTaskExecutor
                – Initializing ExecutorService 'applicationTaskExecutor'
5012 [main] INFO  o.a.coyote.http11.Http11NioProtocol
                – Starting ProtocolHandler ["http-nio-8080"]
5044 [main] INFO  o.s.b.w.e.tomcat.TomcatWebServer
                – Tomcat started on port(s): 8080 (http) with context path ''
5055 [main] INFO  app.Application.Application
                – Started Application in 4.762 seconds (JVM running for 5.687)
74402 [http-nio-8080-exec-3] INFO  o.a.c.c.C.[Tomcat].[localhost].[/]
                – Initializing Spring DispatcherServlet 'dispatcherServlet'
74402 [http-nio-8080-exec-3] INFO  o.s.web.servlet.DispatcherServlet
                – Initializing Servlet 'dispatcherServlet'
74404 [http-nio-8080-exec-3] INFO  o.s.web.servlet.DispatcherServlet
                – Completed initialization in 1 ms
127247 [http-nio-8080-exec-4] INFO  app.Application.Aspect
                – void app.Application.Services.BuildingService.addBuilding(Building) выполнен за 96мс
135362 [http-nio-8080-exec-5] INFO  app.Application.Aspect
                – List app.Application.Services.BuildingService.getBuildings() выполнен за 128мс
807  [main] INFO  app.Application.Application
                – Starting Application using Java 15.0.2 on LAPTOP-IHDB0OUN with PID 10996 (C:\Users\User\IdeaProjects\PR21\build\classes\java\main started by User in C:\Users\User\IdeaProjects\PR21)
810  [main] INFO  app.Application.Application
                – No active profile set, falling back to default profiles: default
1393 [main] INFO  o.s.d.r.c.RepositoryConfigurationDelegate
                – Bootstrapping Spring Data JPA repositories in DEFAULT mode.
1444 [main] INFO  o.s.d.r.c.RepositoryConfigurationDelegate
                – Finished Spring Data repository scanning in 54 ms. Found 2 JPA repository interfaces.
2318 [main] INFO  o.s.b.w.e.tomcat.TomcatWebServer
                – Tomcat initialized with port(s): 8080 (http)
2328 [main] INFO  o.a.coyote.http11.Http11NioProtocol
                – Initializing ProtocolHandler ["http-nio-8080"]
2329 [main] INFO  o.a.catalina.core.StandardService
                – Starting service [Tomcat]
2329 [main] INFO  o.a.catalina.core.StandardEngine
                – Starting Servlet engine: [Apache Tomcat/9.0.44]
2451 [main] INFO  o.a.c.c.C.[Tomcat].[localhost].[/]
                – Initializing Spring embedded WebApplicationContext
2452 [main] INFO  o.s.b.w.s.c.ServletWebServerApplicationContext
                – Root WebApplicationContext: initialization completed in 1587 ms
2676 [main] INFO  o.h.jpa.internal.util.LogHelper
                – HHH000204: Processing PersistenceUnitInfo [name: default]
2736 [main] INFO  org.hibernate.Version
                – HHH000412: Hibernate ORM core version 5.4.29.Final
2910 [main] INFO  o.h.annotations.common.Version
                – HCANN000001: Hibernate Commons Annotations {5.1.2.Final}
3032 [main] INFO  com.zaxxer.hikari.HikariDataSource
                – HikariPool-1 - Starting...
3213 [main] INFO  com.zaxxer.hikari.HikariDataSource
                – HikariPool-1 - Start completed.
3233 [main] INFO  org.hibernate.dialect.Dialect
                – HHH000400: Using dialect: org.hibernate.dialect.PostgreSQL95Dialect
4059 [main] INFO  o.h.e.t.j.p.i.JtaPlatformInitiator
                – HHH000490: Using JtaPlatform implementation: [org.hibernate.engine.transaction.jta.platform.internal.NoJtaPlatform]
4069 [main] INFO  o.s.o.j.LocalContainerEntityManagerFactoryBean
                – Initialized JPA EntityManagerFactory for persistence unit 'default'
4610 [main] WARN  o.s.b.a.o.j.JpaBaseConfiguration$JpaWebConfiguration
                – spring.jpa.open-in-view is enabled by default. Therefore, database queries may be performed during view rendering. Explicitly configure spring.jpa.open-in-view to disable this warning
4733 [main] INFO  o.s.s.c.ThreadPoolTaskExecutor
                – Initializing ExecutorService 'applicationTaskExecutor'
4967 [main] INFO  o.a.coyote.http11.Http11NioProtocol
                – Starting ProtocolHandler ["http-nio-8080"]
4992 [main] INFO  o.s.b.w.e.tomcat.TomcatWebServer
                – Tomcat started on port(s): 8080 (http) with context path ''
5003 [main] INFO  app.Application.Application
                – Started Application in 4.686 seconds (JVM running for 5.587)
1951 [main] INFO  app.Application.Application
                – Starting Application using Java 15.0.2 on LAPTOP-IHDB0OUN with PID 7128 (C:\Users\User\IdeaProjects\PR21\build\classes\java\main started by User in C:\Users\User\IdeaProjects\PR21)
1959 [main] INFO  app.Application.Application
                – No active profile set, falling back to default profiles: default
3557 [main] INFO  o.s.d.r.c.RepositoryConfigurationDelegate
                – Bootstrapping Spring Data JPA repositories in DEFAULT mode.
3646 [main] INFO  o.s.d.r.c.RepositoryConfigurationDelegate
                – Finished Spring Data repository scanning in 76 ms. Found 2 JPA repository interfaces.
4697 [main] INFO  o.s.b.w.e.tomcat.TomcatWebServer
                – Tomcat initialized with port(s): 8080 (http)
4719 [main] INFO  o.a.coyote.http11.Http11NioProtocol
                – Initializing ProtocolHandler ["http-nio-8080"]
4720 [main] INFO  o.a.catalina.core.StandardService
                – Starting service [Tomcat]
4721 [main] INFO  o.a.catalina.core.StandardEngine
                – Starting Servlet engine: [Apache Tomcat/9.0.44]
4916 [main] INFO  o.a.c.c.C.[Tomcat].[localhost].[/]
                – Initializing Spring embedded WebApplicationContext
4916 [main] INFO  o.s.b.w.s.c.ServletWebServerApplicationContext
                – Root WebApplicationContext: initialization completed in 2816 ms
5169 [main] INFO  o.h.jpa.internal.util.LogHelper
                – HHH000204: Processing PersistenceUnitInfo [name: default]
5253 [main] INFO  org.hibernate.Version
                – HHH000412: Hibernate ORM core version 5.4.29.Final
5454 [main] INFO  o.h.annotations.common.Version
                – HCANN000001: Hibernate Commons Annotations {5.1.2.Final}
5617 [main] INFO  com.zaxxer.hikari.HikariDataSource
                – HikariPool-1 - Starting...
5871 [main] INFO  com.zaxxer.hikari.HikariDataSource
                – HikariPool-1 - Start completed.
5890 [main] INFO  org.hibernate.dialect.Dialect
                – HHH000400: Using dialect: org.hibernate.dialect.PostgreSQL95Dialect
6733 [main] INFO  o.h.e.t.j.p.i.JtaPlatformInitiator
                – HHH000490: Using JtaPlatform implementation: [org.hibernate.engine.transaction.jta.platform.internal.NoJtaPlatform]
6745 [main] INFO  o.s.o.j.LocalContainerEntityManagerFactoryBean
                – Initialized JPA EntityManagerFactory for persistence unit 'default'
7288 [main] WARN  o.s.b.a.o.j.JpaBaseConfiguration$JpaWebConfiguration
                – spring.jpa.open-in-view is enabled by default. Therefore, database queries may be performed during view rendering. Explicitly configure spring.jpa.open-in-view to disable this warning
7420 [main] INFO  o.s.s.c.ThreadPoolTaskExecutor
                – Initializing ExecutorService 'applicationTaskExecutor'
7636 [main] INFO  o.a.coyote.http11.Http11NioProtocol
                – Starting ProtocolHandler ["http-nio-8080"]
7673 [main] INFO  o.s.b.w.e.tomcat.TomcatWebServer
                – Tomcat started on port(s): 8080 (http) with context path ''
7691 [main] INFO  app.Application.Application
                – Started Application in 6.371 seconds (JVM running for 8.368)
821  [main] INFO  app.Application.Application
                – Starting Application using Java 15.0.2 on LAPTOP-IHDB0OUN with PID 15780 (C:\Users\User\IdeaProjects\PR21\build\classes\java\main started by User in C:\Users\User\IdeaProjects\PR21)
821  [main] INFO  app.Application.Application
                – No active profile set, falling back to default profiles: default
1442 [main] INFO  o.s.d.r.c.RepositoryConfigurationDelegate
                – Bootstrapping Spring Data JPA repositories in DEFAULT mode.
1511 [main] INFO  o.s.d.r.c.RepositoryConfigurationDelegate
                – Finished Spring Data repository scanning in 67 ms. Found 2 JPA repository interfaces.
2434 [main] INFO  o.s.b.w.e.tomcat.TomcatWebServer
                – Tomcat initialized with port(s): 8080 (http)
2446 [main] INFO  o.a.coyote.http11.Http11NioProtocol
                – Initializing ProtocolHandler ["http-nio-8080"]
2447 [main] INFO  o.a.catalina.core.StandardService
                – Starting service [Tomcat]
2447 [main] INFO  o.a.catalina.core.StandardEngine
                – Starting Servlet engine: [Apache Tomcat/9.0.44]
2582 [main] INFO  o.a.c.c.C.[Tomcat].[localhost].[/]
                – Initializing Spring embedded WebApplicationContext
2582 [main] INFO  o.s.b.w.s.c.ServletWebServerApplicationContext
                – Root WebApplicationContext: initialization completed in 1700 ms
2805 [main] INFO  o.h.jpa.internal.util.LogHelper
                – HHH000204: Processing PersistenceUnitInfo [name: default]
2864 [main] INFO  org.hibernate.Version
                – HHH000412: Hibernate ORM core version 5.4.29.Final
3014 [main] INFO  o.h.annotations.common.Version
                – HCANN000001: Hibernate Commons Annotations {5.1.2.Final}
3136 [main] INFO  com.zaxxer.hikari.HikariDataSource
                – HikariPool-1 - Starting...
3335 [main] INFO  com.zaxxer.hikari.HikariDataSource
                – HikariPool-1 - Start completed.
3356 [main] INFO  org.hibernate.dialect.Dialect
                – HHH000400: Using dialect: org.hibernate.dialect.PostgreSQL95Dialect
4189 [main] INFO  o.h.e.t.j.p.i.JtaPlatformInitiator
                – HHH000490: Using JtaPlatform implementation: [org.hibernate.engine.transaction.jta.platform.internal.NoJtaPlatform]
4204 [main] INFO  o.s.o.j.LocalContainerEntityManagerFactoryBean
                – Initialized JPA EntityManagerFactory for persistence unit 'default'
4754 [main] WARN  o.s.b.a.o.j.JpaBaseConfiguration$JpaWebConfiguration
                – spring.jpa.open-in-view is enabled by default. Therefore, database queries may be performed during view rendering. Explicitly configure spring.jpa.open-in-view to disable this warning
4875 [main] INFO  o.s.s.c.ThreadPoolTaskExecutor
                – Initializing ExecutorService 'applicationTaskExecutor'
5101 [main] INFO  o.a.coyote.http11.Http11NioProtocol
                – Starting ProtocolHandler ["http-nio-8080"]
5117 [main] INFO  o.s.b.w.e.tomcat.TomcatWebServer
                – Tomcat started on port(s): 8080 (http) with context path ''
5132 [main] INFO  app.Application.Application
                – Started Application in 4.826 seconds (JVM running for 5.654)
765  [main] INFO  app.Application.Application
                – Starting Application using Java 15.0.2 on LAPTOP-IHDB0OUN with PID 15384 (C:\Users\User\IdeaProjects\PR21\build\classes\java\main started by User in C:\Users\User\IdeaProjects\PR21)
767  [main] INFO  app.Application.Application
                – No active profile set, falling back to default profiles: default
1347 [main] INFO  o.s.d.r.c.RepositoryConfigurationDelegate
                – Bootstrapping Spring Data JPA repositories in DEFAULT mode.
1414 [main] INFO  o.s.d.r.c.RepositoryConfigurationDelegate
                – Finished Spring Data repository scanning in 59 ms. Found 2 JPA repository interfaces.
2209 [main] INFO  o.s.b.w.e.tomcat.TomcatWebServer
                – Tomcat initialized with port(s): 8080 (http)
2221 [main] INFO  o.a.coyote.http11.Http11NioProtocol
                – Initializing ProtocolHandler ["http-nio-8080"]
2222 [main] INFO  o.a.catalina.core.StandardService
                – Starting service [Tomcat]
2222 [main] INFO  o.a.catalina.core.StandardEngine
                – Starting Servlet engine: [Apache Tomcat/9.0.44]
2356 [main] INFO  o.a.c.c.C.[Tomcat].[localhost].[/]
                – Initializing Spring embedded WebApplicationContext
2356 [main] INFO  o.s.b.w.s.c.ServletWebServerApplicationContext
                – Root WebApplicationContext: initialization completed in 1538 ms
2566 [main] INFO  o.h.jpa.internal.util.LogHelper
                – HHH000204: Processing PersistenceUnitInfo [name: default]
2635 [main] INFO  org.hibernate.Version
                – HHH000412: Hibernate ORM core version 5.4.29.Final
2766 [main] INFO  o.h.annotations.common.Version
                – HCANN000001: Hibernate Commons Annotations {5.1.2.Final}
2882 [main] INFO  com.zaxxer.hikari.HikariDataSource
                – HikariPool-1 - Starting...
3083 [main] INFO  com.zaxxer.hikari.HikariDataSource
                – HikariPool-1 - Start completed.
3098 [main] INFO  org.hibernate.dialect.Dialect
                – HHH000400: Using dialect: org.hibernate.dialect.PostgreSQL95Dialect
3901 [main] WARN  o.h.e.jdbc.spi.SqlExceptionHelper
                – SQL Warning Code: 0, SQLState: 00000
3901 [main] WARN  o.h.e.jdbc.spi.SqlExceptionHelper
                – отношение "address" не существует, пропускается
3901 [main] WARN  o.h.e.jdbc.spi.SqlExceptionHelper
                – SQL Warning Code: 0, SQLState: 00000
3901 [main] WARN  o.h.e.jdbc.spi.SqlExceptionHelper
                – таблица "address" не существует, пропускается
3970 [main] INFO  o.h.e.t.j.p.i.JtaPlatformInitiator
                – HHH000490: Using JtaPlatform implementation: [org.hibernate.engine.transaction.jta.platform.internal.NoJtaPlatform]
3985 [main] INFO  o.s.o.j.LocalContainerEntityManagerFactoryBean
                – Initialized JPA EntityManagerFactory for persistence unit 'default'
4594 [main] WARN  o.s.b.a.o.j.JpaBaseConfiguration$JpaWebConfiguration
                – spring.jpa.open-in-view is enabled by default. Therefore, database queries may be performed during view rendering. Explicitly configure spring.jpa.open-in-view to disable this warning
4767 [main] INFO  o.s.s.c.ThreadPoolTaskExecutor
                – Initializing ExecutorService 'applicationTaskExecutor'
4994 [main] INFO  o.a.coyote.http11.Http11NioProtocol
                – Starting ProtocolHandler ["http-nio-8080"]
5018 [main] INFO  o.s.b.w.e.tomcat.TomcatWebServer
                – Tomcat started on port(s): 8080 (http) with context path ''
5029 [main] INFO  app.Application.Application
                – Started Application in 4.693 seconds (JVM running for 5.567)
84434 [http-nio-8080-exec-1] INFO  o.a.c.c.C.[Tomcat].[localhost].[/]
                – Initializing Spring DispatcherServlet 'dispatcherServlet'
84434 [http-nio-8080-exec-1] INFO  o.s.web.servlet.DispatcherServlet
                – Initializing Servlet 'dispatcherServlet'
84435 [http-nio-8080-exec-1] INFO  o.s.web.servlet.DispatcherServlet
                – Completed initialization in 1 ms
84591 [http-nio-8080-exec-1] INFO  app.Application.Aspect
                – List app.Application.Services.BuildingService.getBuildings() выполнен за 128мс
91491 [http-nio-8080-exec-4] INFO  app.Application.Aspect
                – void app.Application.Services.BuildingService.addBuilding(Building) выполнен за 59мс
99954 [http-nio-8080-exec-3] INFO  app.Application.Aspect
                – List app.Application.Services.BuildingService.getBuildings() выполнен за 13мс
